<?xml version="1.0" encoding="UTF-8"?>
<!-- Generated by org.testng.reporters.JUnitReportReporter -->
<testsuite skipped="0" hostname="DESKTOP-BC7CMKU" name="a2_sampleTest.GoogleTest" tests="1" failures="0" timestamp="15 Sep 2022 01:26:38 GMT" time="17.659" errors="0">
  <testcase name="validateBing" time="17.659" classname="a2_sampleTest.GoogleTest"/>
</testsuite> <!-- a2_sampleTest.GoogleTest -->
