<?xml version="1.0" encoding="UTF-8"?>
<!-- Generated by org.testng.reporters.JUnitReportReporter -->
<testsuite skipped="0" hostname="DESKTOP-BC7CMKU" name="a1_sampleTest.BingTest" tests="1" failures="0" timestamp="15 Sep 2022 01:26:38 GMT" time="15.934" errors="0">
  <testcase name="validateBing" time="15.934" classname="a1_sampleTest.BingTest"/>
</testsuite> <!-- a1_sampleTest.BingTest -->
